<?xml version="1.0" encoding="UTF-8"?>
<!-- Generated by org.testng.reporters.JUnitReportReporter -->
<testsuite hostname="DESKTOP-OBQ41KK" failures="0" tests="1" name="testScripts.logintestcase" time="6.961" errors="0" timestamp="2024-08-05T16:42:08 IST" skipped="0">
  <testcase classname="testScripts.logintestcase" name="testcase" time="6.961"/>
</testsuite> <!-- testScripts.logintestcase -->
